Case #1: ABCDSFGHIJKLMNOPQRETUVWXYZ
Case #2: IMPOSSIBLE
Case #3: ABCDEFGHIJKLMNOPQRSTUVWXYZ
Case #4: AOCDERGHNMSVJBYIQKUTFLWXPZ
Case #5: AKCVEXTUYWMDRSQLFIGNOHJBPZ
Case #6: IMPOSSIBLE
Case #7: ABCDEFGHIJKLMNOPQRSTUVWXYZ
Case #8: WAGMHKDFRVPZLBXYTICSUJQNOE
Case #9: IMPOSSIBLE
Case #10: IMPOSSIBLE
Case #11: AYCDTFGHIJELMONPQRSKUVWXBZ
Case #12: KVOUJEPMSNGXZHAIYDLRQWBFTC
Case #13: JFEXSWKVIZMPDNULRABGHTQCYO
Case #14: ZGJMQWSFPRUBIYDLXVAHKNEOCT
Case #15: UPEDLZHRSMBTKWFOGQYXCNVAJI
Case #16: ABCDEFGHIJKLMNOPQRSTUVWXYZ
Case #17: PKSRNFXBTZYWEUGHICAMJQODLV
Case #18: DPXYFJKIANQWOZLRGEMUSHBTVC
Case #19: TBSFHUWIDYKXZERPONCQALVMJG
Case #20: ABCDNFGHIJKLMEOPQRSTUVWXYZ
Case #21: IGCLQORSBPUHJWYVMNXTFDZKEA
Case #22: IMPOSSIBLE
Case #23: YKCUSQAHTJIDXMBGPZRNLVWEFO
Case #24: DPXNJEKMWYFBQSORHCATUVLIGZ
Case #25: IMPOSSIBLE
Case #26: RLJDUKPSXHVBMOZNQICWYGAEFT
Case #27: JXLNPRGIEASWMDVCOFKBUQTHYZ
Case #28: ABYDMFGHIJSLENOPQRKTUVWXCZ
Case #29: ABCDEFGKIJHLMNYPQRSTUVWXOZ
Case #30: PGEBQSHRWTKFZOLCINMUDYAXVJ
Case #31: IMPOSSIBLE
Case #32: KJCWEFGHVBAIZNOPQUSTDLYXRM
Case #33: WZJTRKMQUPXBFICONYHAGDVESL
Case #34: IMPOSSIBLE
Case #35: FNORIPVYQKWAXLGZUHSMJDCTEB
Case #36: WHGJRNSUZEQLCOMXPIFVATBKYD
Case #37: IBCGEFDNARKLUHOPQJSWMVTXYZ
Case #38: IMPOSSIBLE
Case #39: IMPOSSIBLE
Case #40: RVCDZEGHNJALOIKMQYSTUBFPWX
Case #41: IMPOSSIBLE
Case #42: ABCDEFGHIJKLMNOPQRSTUVWXYZ
Case #43: ACBDEFGJPHKLMNOIQRSTUVWXYZ
Case #44: UQPFCARKBNSYGVXLIDHWEJZTMO
Case #45: IMPOSSIBLE
Case #46: KBDECQGVPJANMHOIYRSTULWXFZ
Case #47: DBJQAEYHKNILMCWPZRSTUVOXFG
Case #48: ABCDEFGHIJKLMNOPQRSTUVWXYZ
Case #49: ABCDEFGHIJKLMNOPQRSTUVWXYZ
Case #50: DJWYMNUHILKSEVOPTCBZFQXRGA
Case #51: FUWVBSHMYQOITZPLXJNECGDRKA
Case #52: EXZBGUOLSITDRAQKPJWYMVCNHF
Case #53: ABCDEFGHIJKLMNOPQRSTUVWXYZ
Case #54: XSIWLTUNVRJPAFZMOCEDYQKHGB
Case #55: VYOHKLNQDIUPGBRAZJFTSEWCXM
Case #56: CJXTDNBMOGSVRHLUQFEIKWZYAP
Case #57: FUECQDZVHKOLGTSBPWARIXNJYM
Case #58: VYLOCBJNUMDRZFXSQHETGPIAWK
Case #59: ZIRMDEPQTGXAJYKVBHNLCOFWSU
Case #60: IMPOSSIBLE
Case #61: TRGOSPAJKVLCIFDNBYWZUQHMEX
Case #62: JGCTQEBUISLDVKOZNPRAWMYXFH
Case #63: QANHRBVTZKXGIJCDEFWSYMUPOL
Case #64: IMPOSSIBLE
Case #65: IMPOSSIBLE
Case #66: GTWCSDNBXLAHMYVORKPUFJQEIZ
Case #67: ABCDEFGHIJKLMNOPQRSTUVWXYZ
Case #68: OCELHBDMQZWFGYPISVAUJKXNRT
Case #69: FWERPNCOKDZHMLVGYBTSQUXJAI
Case #70: BIQTFHPKASWZGCOEXYNDLRMJUV
Case #71: ABCDEFSHIJKLMZOPQRGTUVWXYN
Case #72: WVHUDPXCOBGQZSJTAELMIYRFNK
Case #73: YAJGQZCVSUXKMELWTHBIFNPDRO
Case #74: ENFVWIYZAGJCUOTLPDBXHQRMSK
Case #75: IMPOSSIBLE
Case #76: ZESOPUDWBXCGFYINQLKJRAHTVM
Case #77: EJCDZPKXWLYRUGFSQMANTVBHOI
Case #78: ASHDUFWOLJBIQNPXGRMTEVYCKZ
Case #79: CULHMYKOGVABPNEZDXTISRFQJW
Case #80: IMPOSSIBLE
Case #81: FJYRIAPZUSDXBWQHMNCEOVTGLK
Case #82: ABCDEFGHIJKLMNOPQRSTUVWXYZ
Case #83: ZJRGFUCQHINMXPAVTKLEBOWYDS
Case #84: JRSBCFWHAPULMXNGIOZTYVQEKD
Case #85: EBCDAFOPIJKLMNTHQRSGUWVXYZ
Case #86: AZCPNLFRBJMEXSOIDHYWUTGKVQ
Case #87: UZODVAJBHIXYQESRTGNCKFWPLM
Case #88: ABCDEFGHIJKLMNOPQRSTUVWXYZ
Case #89: ABCDEFGHIJKLMNOPQRSTUVWXYZ
Case #90: EKVPOUHXJIQMYRNLCASFWDGTBZ
Case #91: ABCDEFGHIJKLMNOPQRSTUVWXYZ
Case #92: MJLDNKXFTACPSIGHZBVWYUOQER
Case #93: MUZXAGTKHIDYEBCONPFRQJWVSL
Case #94: IMPOSSIBLE
Case #95: IZFONJYHVWURAQMPSTGLXEKDCB
Case #96: WFEVUZHCOGSPIBJLKTDARYQXMN
Case #97: VNIDLFGHMJKECPOBQRSTYAWXUZ
Case #98: IMPOSSIBLE
Case #99: AQGWNUBVEPJSILDCXKMHZYRFTO
Case #100: IJXUVORZFYDWPLGNMESBKHCQAT
